  main.cpp
C:\Users\Administrator\Documents\amy\Ethan 大二\Sem 1\CSC3002\15-12-2024 (Cecillia)\main.cpp(435,36): warning C4244: '正在初始化': 將 'double' 轉換為 'float'，由於類型不同，可能導致資料遺失
C:\Users\Administrator\Documents\amy\Ethan 大二\Sem 1\CSC3002\15-12-2024 (Cecillia)\main.cpp(681,68): warning C4244: '引數': 將 'T' 轉換為 'T'，由於類型不同，可能導致資料遺失
C:\Users\Administrator\Documents\amy\Ethan 大二\Sem 1\CSC3002\15-12-2024 (Cecillia)\main.cpp(681,68): warning C4244:         with
C:\Users\Administrator\Documents\amy\Ethan 大二\Sem 1\CSC3002\15-12-2024 (Cecillia)\main.cpp(681,68): warning C4244:         [
C:\Users\Administrator\Documents\amy\Ethan 大二\Sem 1\CSC3002\15-12-2024 (Cecillia)\main.cpp(681,68): warning C4244:             T=unsigned int
C:\Users\Administrator\Documents\amy\Ethan 大二\Sem 1\CSC3002\15-12-2024 (Cecillia)\main.cpp(681,68): warning C4244:         ]
C:\Users\Administrator\Documents\amy\Ethan 大二\Sem 1\CSC3002\15-12-2024 (Cecillia)\main.cpp(681,68): warning C4244:         and
C:\Users\Administrator\Documents\amy\Ethan 大二\Sem 1\CSC3002\15-12-2024 (Cecillia)\main.cpp(681,68): warning C4244:         [
C:\Users\Administrator\Documents\amy\Ethan 大二\Sem 1\CSC3002\15-12-2024 (Cecillia)\main.cpp(681,68): warning C4244:             T=float
C:\Users\Administrator\Documents\amy\Ethan 大二\Sem 1\CSC3002\15-12-2024 (Cecillia)\main.cpp(681,68): warning C4244:         ]
C:\Users\Administrator\Documents\amy\Ethan 大二\Sem 1\CSC3002\15-12-2024 (Cecillia)\main.cpp(860,106): warning C4244: '引數': 將 'int' 轉換為 'T'，由於類型不同，可能導致資料遺失
C:\Users\Administrator\Documents\amy\Ethan 大二\Sem 1\CSC3002\15-12-2024 (Cecillia)\main.cpp(860,106): warning C4244:         with
C:\Users\Administrator\Documents\amy\Ethan 大二\Sem 1\CSC3002\15-12-2024 (Cecillia)\main.cpp(860,106): warning C4244:         [
C:\Users\Administrator\Documents\amy\Ethan 大二\Sem 1\CSC3002\15-12-2024 (Cecillia)\main.cpp(860,106): warning C4244:             T=float
C:\Users\Administrator\Documents\amy\Ethan 大二\Sem 1\CSC3002\15-12-2024 (Cecillia)\main.cpp(860,106): warning C4244:         ]
C:\Users\Administrator\Documents\amy\Ethan 大二\Sem 1\CSC3002\15-12-2024 (Cecillia)\main.cpp(860,85): warning C4244: '引數': 將 'int' 轉換為 'T'，由於類型不同，可能導致資料遺失
C:\Users\Administrator\Documents\amy\Ethan 大二\Sem 1\CSC3002\15-12-2024 (Cecillia)\main.cpp(860,85): warning C4244:         with
C:\Users\Administrator\Documents\amy\Ethan 大二\Sem 1\CSC3002\15-12-2024 (Cecillia)\main.cpp(860,85): warning C4244:         [
C:\Users\Administrator\Documents\amy\Ethan 大二\Sem 1\CSC3002\15-12-2024 (Cecillia)\main.cpp(860,85): warning C4244:             T=float
C:\Users\Administrator\Documents\amy\Ethan 大二\Sem 1\CSC3002\15-12-2024 (Cecillia)\main.cpp(860,85): warning C4244:         ]
C:\Users\Administrator\Documents\amy\Ethan 大二\Sem 1\CSC3002\15-12-2024 (Cecillia)\main.cpp(865,108): warning C4244: '引數': 將 'int' 轉換為 'T'，由於類型不同，可能導致資料遺失
C:\Users\Administrator\Documents\amy\Ethan 大二\Sem 1\CSC3002\15-12-2024 (Cecillia)\main.cpp(865,108): warning C4244:         with
C:\Users\Administrator\Documents\amy\Ethan 大二\Sem 1\CSC3002\15-12-2024 (Cecillia)\main.cpp(865,108): warning C4244:         [
C:\Users\Administrator\Documents\amy\Ethan 大二\Sem 1\CSC3002\15-12-2024 (Cecillia)\main.cpp(865,108): warning C4244:             T=float
C:\Users\Administrator\Documents\amy\Ethan 大二\Sem 1\CSC3002\15-12-2024 (Cecillia)\main.cpp(865,108): warning C4244:         ]
C:\Users\Administrator\Documents\amy\Ethan 大二\Sem 1\CSC3002\15-12-2024 (Cecillia)\main.cpp(865,87): warning C4244: '引數': 將 'int' 轉換為 'T'，由於類型不同，可能導致資料遺失
C:\Users\Administrator\Documents\amy\Ethan 大二\Sem 1\CSC3002\15-12-2024 (Cecillia)\main.cpp(865,87): warning C4244:         with
C:\Users\Administrator\Documents\amy\Ethan 大二\Sem 1\CSC3002\15-12-2024 (Cecillia)\main.cpp(865,87): warning C4244:         [
C:\Users\Administrator\Documents\amy\Ethan 大二\Sem 1\CSC3002\15-12-2024 (Cecillia)\main.cpp(865,87): warning C4244:             T=float
C:\Users\Administrator\Documents\amy\Ethan 大二\Sem 1\CSC3002\15-12-2024 (Cecillia)\main.cpp(865,87): warning C4244:         ]
C:\Users\Administrator\Documents\amy\Ethan 大二\Sem 1\CSC3002\15-12-2024 (Cecillia)\main.cpp(871,90): warning C4244: '引數': 將 'int' 轉換為 'T'，由於類型不同，可能導致資料遺失
C:\Users\Administrator\Documents\amy\Ethan 大二\Sem 1\CSC3002\15-12-2024 (Cecillia)\main.cpp(871,90): warning C4244:         with
C:\Users\Administrator\Documents\amy\Ethan 大二\Sem 1\CSC3002\15-12-2024 (Cecillia)\main.cpp(871,90): warning C4244:         [
C:\Users\Administrator\Documents\amy\Ethan 大二\Sem 1\CSC3002\15-12-2024 (Cecillia)\main.cpp(871,90): warning C4244:             T=float
C:\Users\Administrator\Documents\amy\Ethan 大二\Sem 1\CSC3002\15-12-2024 (Cecillia)\main.cpp(871,90): warning C4244:         ]
C:\Users\Administrator\Documents\amy\Ethan 大二\Sem 1\CSC3002\15-12-2024 (Cecillia)\main.cpp(871,69): warning C4244: '引數': 將 'int' 轉換為 'T'，由於類型不同，可能導致資料遺失
C:\Users\Administrator\Documents\amy\Ethan 大二\Sem 1\CSC3002\15-12-2024 (Cecillia)\main.cpp(871,69): warning C4244:         with
C:\Users\Administrator\Documents\amy\Ethan 大二\Sem 1\CSC3002\15-12-2024 (Cecillia)\main.cpp(871,69): warning C4244:         [
C:\Users\Administrator\Documents\amy\Ethan 大二\Sem 1\CSC3002\15-12-2024 (Cecillia)\main.cpp(871,69): warning C4244:             T=float
C:\Users\Administrator\Documents\amy\Ethan 大二\Sem 1\CSC3002\15-12-2024 (Cecillia)\main.cpp(871,69): warning C4244:         ]
C:\Users\Administrator\Documents\amy\Ethan 大二\Sem 1\CSC3002\15-12-2024 (Cecillia)\main.cpp(938,90): warning C4244: '引數': 將 'int' 轉換為 'T'，由於類型不同，可能導致資料遺失
C:\Users\Administrator\Documents\amy\Ethan 大二\Sem 1\CSC3002\15-12-2024 (Cecillia)\main.cpp(938,90): warning C4244:         with
C:\Users\Administrator\Documents\amy\Ethan 大二\Sem 1\CSC3002\15-12-2024 (Cecillia)\main.cpp(938,90): warning C4244:         [
C:\Users\Administrator\Documents\amy\Ethan 大二\Sem 1\CSC3002\15-12-2024 (Cecillia)\main.cpp(938,90): warning C4244:             T=float
C:\Users\Administrator\Documents\amy\Ethan 大二\Sem 1\CSC3002\15-12-2024 (Cecillia)\main.cpp(938,90): warning C4244:         ]
C:\Users\Administrator\Documents\amy\Ethan 大二\Sem 1\CSC3002\15-12-2024 (Cecillia)\main.cpp(938,69): warning C4244: '引數': 將 'int' 轉換為 'T'，由於類型不同，可能導致資料遺失
C:\Users\Administrator\Documents\amy\Ethan 大二\Sem 1\CSC3002\15-12-2024 (Cecillia)\main.cpp(938,69): warning C4244:         with
C:\Users\Administrator\Documents\amy\Ethan 大二\Sem 1\CSC3002\15-12-2024 (Cecillia)\main.cpp(938,69): warning C4244:         [
C:\Users\Administrator\Documents\amy\Ethan 大二\Sem 1\CSC3002\15-12-2024 (Cecillia)\main.cpp(938,69): warning C4244:             T=float
C:\Users\Administrator\Documents\amy\Ethan 大二\Sem 1\CSC3002\15-12-2024 (Cecillia)\main.cpp(938,69): warning C4244:         ]
C:\Users\Administrator\Documents\amy\Ethan 大二\Sem 1\CSC3002\15-12-2024 (Cecillia)\main.cpp(963,86): warning C4244: '引數': 將 'int' 轉換為 'T'，由於類型不同，可能導致資料遺失
C:\Users\Administrator\Documents\amy\Ethan 大二\Sem 1\CSC3002\15-12-2024 (Cecillia)\main.cpp(963,86): warning C4244:         with
C:\Users\Administrator\Documents\amy\Ethan 大二\Sem 1\CSC3002\15-12-2024 (Cecillia)\main.cpp(963,86): warning C4244:         [
C:\Users\Administrator\Documents\amy\Ethan 大二\Sem 1\CSC3002\15-12-2024 (Cecillia)\main.cpp(963,86): warning C4244:             T=float
C:\Users\Administrator\Documents\amy\Ethan 大二\Sem 1\CSC3002\15-12-2024 (Cecillia)\main.cpp(963,86): warning C4244:         ]
C:\Users\Administrator\Documents\amy\Ethan 大二\Sem 1\CSC3002\15-12-2024 (Cecillia)\main.cpp(963,67): warning C4244: '引數': 將 'int' 轉換為 'T'，由於類型不同，可能導致資料遺失
C:\Users\Administrator\Documents\amy\Ethan 大二\Sem 1\CSC3002\15-12-2024 (Cecillia)\main.cpp(963,67): warning C4244:         with
C:\Users\Administrator\Documents\amy\Ethan 大二\Sem 1\CSC3002\15-12-2024 (Cecillia)\main.cpp(963,67): warning C4244:         [
C:\Users\Administrator\Documents\amy\Ethan 大二\Sem 1\CSC3002\15-12-2024 (Cecillia)\main.cpp(963,67): warning C4244:             T=float
C:\Users\Administrator\Documents\amy\Ethan 大二\Sem 1\CSC3002\15-12-2024 (Cecillia)\main.cpp(963,67): warning C4244:         ]
C:\Users\Administrator\Documents\amy\Ethan 大二\Sem 1\CSC3002\15-12-2024 (Cecillia)\main.cpp(1194,97): warning C4244: '引數': 將 'const int' 轉換為 'T'，由於類型不同，可能導致資料遺失
C:\Users\Administrator\Documents\amy\Ethan 大二\Sem 1\CSC3002\15-12-2024 (Cecillia)\main.cpp(1194,97): warning C4244:         with
C:\Users\Administrator\Documents\amy\Ethan 大二\Sem 1\CSC3002\15-12-2024 (Cecillia)\main.cpp(1194,97): warning C4244:         [
C:\Users\Administrator\Documents\amy\Ethan 大二\Sem 1\CSC3002\15-12-2024 (Cecillia)\main.cpp(1194,97): warning C4244:             T=float
C:\Users\Administrator\Documents\amy\Ethan 大二\Sem 1\CSC3002\15-12-2024 (Cecillia)\main.cpp(1194,97): warning C4244:         ]
C:\Users\Administrator\Documents\amy\Ethan 大二\Sem 1\CSC3002\15-12-2024 (Cecillia)\main.cpp(1194,76): warning C4244: '引數': 將 'const int' 轉換為 'T'，由於類型不同，可能導致資料遺失
C:\Users\Administrator\Documents\amy\Ethan 大二\Sem 1\CSC3002\15-12-2024 (Cecillia)\main.cpp(1194,76): warning C4244:         with
C:\Users\Administrator\Documents\amy\Ethan 大二\Sem 1\CSC3002\15-12-2024 (Cecillia)\main.cpp(1194,76): warning C4244:         [
C:\Users\Administrator\Documents\amy\Ethan 大二\Sem 1\CSC3002\15-12-2024 (Cecillia)\main.cpp(1194,76): warning C4244:             T=float
C:\Users\Administrator\Documents\amy\Ethan 大二\Sem 1\CSC3002\15-12-2024 (Cecillia)\main.cpp(1194,76): warning C4244:         ]
C:\Users\Administrator\Documents\amy\Ethan 大二\Sem 1\CSC3002\15-12-2024 (Cecillia)\main.cpp(1585,81): warning C4267: '=': 將 'size_t' 轉換為 'int'，資料可能遺失
C:\Users\Administrator\Documents\amy\Ethan 大二\Sem 1\CSC3002\15-12-2024 (Cecillia)\main.cpp(1610,53): warning C4267: '=': 將 'size_t' 轉換為 'int'，資料可能遺失
  rss_Manager.cpp
  正在產生程式碼
  875 of 891 functions (98.2%) were compiled, the rest were copied from previous compilation.
    34 functions were new in current compilation
    1 functions had inline decision re-evaluated but remain unchanged
  已完成程式碼產生
  CSC3002-G50.vcxproj -> C:\Users\Administrator\Documents\amy\Ethan 大二\Sem 1\CSC3002\15-12-2024 (Cecillia)\x64\Release\CSC3002-G50.exe
