  main.cpp
C:\Users\Administrator\Documents\amy\Ethan 大二\Sem 1\CSC3002\15-12-2024 (Cecillia + Ethan)\main.cpp(435,36): warning C4244: '正在初始化': 將 'double' 轉換為 'float'，由於類型不同，可能導致資料遺失
C:\Users\Administrator\Documents\amy\Ethan 大二\Sem 1\CSC3002\15-12-2024 (Cecillia + Ethan)\main.cpp(681,68): warning C4244: '引數': 將 'T' 轉換為 'T'，由於類型不同，可能導致資料遺失
C:\Users\Administrator\Documents\amy\Ethan 大二\Sem 1\CSC3002\15-12-2024 (Cecillia + Ethan)\main.cpp(681,68): warning C4244:         with
C:\Users\Administrator\Documents\amy\Ethan 大二\Sem 1\CSC3002\15-12-2024 (Cecillia + Ethan)\main.cpp(681,68): warning C4244:         [
C:\Users\Administrator\Documents\amy\Ethan 大二\Sem 1\CSC3002\15-12-2024 (Cecillia + Ethan)\main.cpp(681,68): warning C4244:             T=unsigned int
C:\Users\Administrator\Documents\amy\Ethan 大二\Sem 1\CSC3002\15-12-2024 (Cecillia + Ethan)\main.cpp(681,68): warning C4244:         ]
C:\Users\Administrator\Documents\amy\Ethan 大二\Sem 1\CSC3002\15-12-2024 (Cecillia + Ethan)\main.cpp(681,68): warning C4244:         and
C:\Users\Administrator\Documents\amy\Ethan 大二\Sem 1\CSC3002\15-12-2024 (Cecillia + Ethan)\main.cpp(681,68): warning C4244:         [
C:\Users\Administrator\Documents\amy\Ethan 大二\Sem 1\CSC3002\15-12-2024 (Cecillia + Ethan)\main.cpp(681,68): warning C4244:             T=float
C:\Users\Administrator\Documents\amy\Ethan 大二\Sem 1\CSC3002\15-12-2024 (Cecillia + Ethan)\main.cpp(681,68): warning C4244:         ]
C:\Users\Administrator\Documents\amy\Ethan 大二\Sem 1\CSC3002\15-12-2024 (Cecillia + Ethan)\main.cpp(860,106): warning C4244: '引數': 將 'int' 轉換為 'T'，由於類型不同，可能導致資料遺失
C:\Users\Administrator\Documents\amy\Ethan 大二\Sem 1\CSC3002\15-12-2024 (Cecillia + Ethan)\main.cpp(860,106): warning C4244:         with
C:\Users\Administrator\Documents\amy\Ethan 大二\Sem 1\CSC3002\15-12-2024 (Cecillia + Ethan)\main.cpp(860,106): warning C4244:         [
C:\Users\Administrator\Documents\amy\Ethan 大二\Sem 1\CSC3002\15-12-2024 (Cecillia + Ethan)\main.cpp(860,106): warning C4244:             T=float
C:\Users\Administrator\Documents\amy\Ethan 大二\Sem 1\CSC3002\15-12-2024 (Cecillia + Ethan)\main.cpp(860,106): warning C4244:         ]
C:\Users\Administrator\Documents\amy\Ethan 大二\Sem 1\CSC3002\15-12-2024 (Cecillia + Ethan)\main.cpp(860,85): warning C4244: '引數': 將 'int' 轉換為 'T'，由於類型不同，可能導致資料遺失
C:\Users\Administrator\Documents\amy\Ethan 大二\Sem 1\CSC3002\15-12-2024 (Cecillia + Ethan)\main.cpp(860,85): warning C4244:         with
C:\Users\Administrator\Documents\amy\Ethan 大二\Sem 1\CSC3002\15-12-2024 (Cecillia + Ethan)\main.cpp(860,85): warning C4244:         [
C:\Users\Administrator\Documents\amy\Ethan 大二\Sem 1\CSC3002\15-12-2024 (Cecillia + Ethan)\main.cpp(860,85): warning C4244:             T=float
C:\Users\Administrator\Documents\amy\Ethan 大二\Sem 1\CSC3002\15-12-2024 (Cecillia + Ethan)\main.cpp(860,85): warning C4244:         ]
C:\Users\Administrator\Documents\amy\Ethan 大二\Sem 1\CSC3002\15-12-2024 (Cecillia + Ethan)\main.cpp(865,108): warning C4244: '引數': 將 'int' 轉換為 'T'，由於類型不同，可能導致資料遺失
C:\Users\Administrator\Documents\amy\Ethan 大二\Sem 1\CSC3002\15-12-2024 (Cecillia + Ethan)\main.cpp(865,108): warning C4244:         with
C:\Users\Administrator\Documents\amy\Ethan 大二\Sem 1\CSC3002\15-12-2024 (Cecillia + Ethan)\main.cpp(865,108): warning C4244:         [
C:\Users\Administrator\Documents\amy\Ethan 大二\Sem 1\CSC3002\15-12-2024 (Cecillia + Ethan)\main.cpp(865,108): warning C4244:             T=float
C:\Users\Administrator\Documents\amy\Ethan 大二\Sem 1\CSC3002\15-12-2024 (Cecillia + Ethan)\main.cpp(865,108): warning C4244:         ]
C:\Users\Administrator\Documents\amy\Ethan 大二\Sem 1\CSC3002\15-12-2024 (Cecillia + Ethan)\main.cpp(865,87): warning C4244: '引數': 將 'int' 轉換為 'T'，由於類型不同，可能導致資料遺失
C:\Users\Administrator\Documents\amy\Ethan 大二\Sem 1\CSC3002\15-12-2024 (Cecillia + Ethan)\main.cpp(865,87): warning C4244:         with
C:\Users\Administrator\Documents\amy\Ethan 大二\Sem 1\CSC3002\15-12-2024 (Cecillia + Ethan)\main.cpp(865,87): warning C4244:         [
C:\Users\Administrator\Documents\amy\Ethan 大二\Sem 1\CSC3002\15-12-2024 (Cecillia + Ethan)\main.cpp(865,87): warning C4244:             T=float
C:\Users\Administrator\Documents\amy\Ethan 大二\Sem 1\CSC3002\15-12-2024 (Cecillia + Ethan)\main.cpp(865,87): warning C4244:         ]
C:\Users\Administrator\Documents\amy\Ethan 大二\Sem 1\CSC3002\15-12-2024 (Cecillia + Ethan)\main.cpp(871,90): warning C4244: '引數': 將 'int' 轉換為 'T'，由於類型不同，可能導致資料遺失
C:\Users\Administrator\Documents\amy\Ethan 大二\Sem 1\CSC3002\15-12-2024 (Cecillia + Ethan)\main.cpp(871,90): warning C4244:         with
C:\Users\Administrator\Documents\amy\Ethan 大二\Sem 1\CSC3002\15-12-2024 (Cecillia + Ethan)\main.cpp(871,90): warning C4244:         [
C:\Users\Administrator\Documents\amy\Ethan 大二\Sem 1\CSC3002\15-12-2024 (Cecillia + Ethan)\main.cpp(871,90): warning C4244:             T=float
C:\Users\Administrator\Documents\amy\Ethan 大二\Sem 1\CSC3002\15-12-2024 (Cecillia + Ethan)\main.cpp(871,90): warning C4244:         ]
C:\Users\Administrator\Documents\amy\Ethan 大二\Sem 1\CSC3002\15-12-2024 (Cecillia + Ethan)\main.cpp(871,69): warning C4244: '引數': 將 'int' 轉換為 'T'，由於類型不同，可能導致資料遺失
C:\Users\Administrator\Documents\amy\Ethan 大二\Sem 1\CSC3002\15-12-2024 (Cecillia + Ethan)\main.cpp(871,69): warning C4244:         with
C:\Users\Administrator\Documents\amy\Ethan 大二\Sem 1\CSC3002\15-12-2024 (Cecillia + Ethan)\main.cpp(871,69): warning C4244:         [
C:\Users\Administrator\Documents\amy\Ethan 大二\Sem 1\CSC3002\15-12-2024 (Cecillia + Ethan)\main.cpp(871,69): warning C4244:             T=float
C:\Users\Administrator\Documents\amy\Ethan 大二\Sem 1\CSC3002\15-12-2024 (Cecillia + Ethan)\main.cpp(871,69): warning C4244:         ]
C:\Users\Administrator\Documents\amy\Ethan 大二\Sem 1\CSC3002\15-12-2024 (Cecillia + Ethan)\main.cpp(939,90): warning C4244: '引數': 將 'int' 轉換為 'T'，由於類型不同，可能導致資料遺失
C:\Users\Administrator\Documents\amy\Ethan 大二\Sem 1\CSC3002\15-12-2024 (Cecillia + Ethan)\main.cpp(939,90): warning C4244:         with
C:\Users\Administrator\Documents\amy\Ethan 大二\Sem 1\CSC3002\15-12-2024 (Cecillia + Ethan)\main.cpp(939,90): warning C4244:         [
C:\Users\Administrator\Documents\amy\Ethan 大二\Sem 1\CSC3002\15-12-2024 (Cecillia + Ethan)\main.cpp(939,90): warning C4244:             T=float
C:\Users\Administrator\Documents\amy\Ethan 大二\Sem 1\CSC3002\15-12-2024 (Cecillia + Ethan)\main.cpp(939,90): warning C4244:         ]
C:\Users\Administrator\Documents\amy\Ethan 大二\Sem 1\CSC3002\15-12-2024 (Cecillia + Ethan)\main.cpp(939,69): warning C4244: '引數': 將 'int' 轉換為 'T'，由於類型不同，可能導致資料遺失
C:\Users\Administrator\Documents\amy\Ethan 大二\Sem 1\CSC3002\15-12-2024 (Cecillia + Ethan)\main.cpp(939,69): warning C4244:         with
C:\Users\Administrator\Documents\amy\Ethan 大二\Sem 1\CSC3002\15-12-2024 (Cecillia + Ethan)\main.cpp(939,69): warning C4244:         [
C:\Users\Administrator\Documents\amy\Ethan 大二\Sem 1\CSC3002\15-12-2024 (Cecillia + Ethan)\main.cpp(939,69): warning C4244:             T=float
C:\Users\Administrator\Documents\amy\Ethan 大二\Sem 1\CSC3002\15-12-2024 (Cecillia + Ethan)\main.cpp(939,69): warning C4244:         ]
C:\Users\Administrator\Documents\amy\Ethan 大二\Sem 1\CSC3002\15-12-2024 (Cecillia + Ethan)\main.cpp(964,86): warning C4244: '引數': 將 'int' 轉換為 'T'，由於類型不同，可能導致資料遺失
C:\Users\Administrator\Documents\amy\Ethan 大二\Sem 1\CSC3002\15-12-2024 (Cecillia + Ethan)\main.cpp(964,86): warning C4244:         with
C:\Users\Administrator\Documents\amy\Ethan 大二\Sem 1\CSC3002\15-12-2024 (Cecillia + Ethan)\main.cpp(964,86): warning C4244:         [
C:\Users\Administrator\Documents\amy\Ethan 大二\Sem 1\CSC3002\15-12-2024 (Cecillia + Ethan)\main.cpp(964,86): warning C4244:             T=float
C:\Users\Administrator\Documents\amy\Ethan 大二\Sem 1\CSC3002\15-12-2024 (Cecillia + Ethan)\main.cpp(964,86): warning C4244:         ]
C:\Users\Administrator\Documents\amy\Ethan 大二\Sem 1\CSC3002\15-12-2024 (Cecillia + Ethan)\main.cpp(964,67): warning C4244: '引數': 將 'int' 轉換為 'T'，由於類型不同，可能導致資料遺失
C:\Users\Administrator\Documents\amy\Ethan 大二\Sem 1\CSC3002\15-12-2024 (Cecillia + Ethan)\main.cpp(964,67): warning C4244:         with
C:\Users\Administrator\Documents\amy\Ethan 大二\Sem 1\CSC3002\15-12-2024 (Cecillia + Ethan)\main.cpp(964,67): warning C4244:         [
C:\Users\Administrator\Documents\amy\Ethan 大二\Sem 1\CSC3002\15-12-2024 (Cecillia + Ethan)\main.cpp(964,67): warning C4244:             T=float
C:\Users\Administrator\Documents\amy\Ethan 大二\Sem 1\CSC3002\15-12-2024 (Cecillia + Ethan)\main.cpp(964,67): warning C4244:         ]
C:\Users\Administrator\Documents\amy\Ethan 大二\Sem 1\CSC3002\15-12-2024 (Cecillia + Ethan)\main.cpp(1195,97): warning C4244: '引數': 將 'const int' 轉換為 'T'，由於類型不同，可能導致資料遺失
C:\Users\Administrator\Documents\amy\Ethan 大二\Sem 1\CSC3002\15-12-2024 (Cecillia + Ethan)\main.cpp(1195,97): warning C4244:         with
C:\Users\Administrator\Documents\amy\Ethan 大二\Sem 1\CSC3002\15-12-2024 (Cecillia + Ethan)\main.cpp(1195,97): warning C4244:         [
C:\Users\Administrator\Documents\amy\Ethan 大二\Sem 1\CSC3002\15-12-2024 (Cecillia + Ethan)\main.cpp(1195,97): warning C4244:             T=float
C:\Users\Administrator\Documents\amy\Ethan 大二\Sem 1\CSC3002\15-12-2024 (Cecillia + Ethan)\main.cpp(1195,97): warning C4244:         ]
C:\Users\Administrator\Documents\amy\Ethan 大二\Sem 1\CSC3002\15-12-2024 (Cecillia + Ethan)\main.cpp(1195,76): warning C4244: '引數': 將 'const int' 轉換為 'T'，由於類型不同，可能導致資料遺失
C:\Users\Administrator\Documents\amy\Ethan 大二\Sem 1\CSC3002\15-12-2024 (Cecillia + Ethan)\main.cpp(1195,76): warning C4244:         with
C:\Users\Administrator\Documents\amy\Ethan 大二\Sem 1\CSC3002\15-12-2024 (Cecillia + Ethan)\main.cpp(1195,76): warning C4244:         [
C:\Users\Administrator\Documents\amy\Ethan 大二\Sem 1\CSC3002\15-12-2024 (Cecillia + Ethan)\main.cpp(1195,76): warning C4244:             T=float
C:\Users\Administrator\Documents\amy\Ethan 大二\Sem 1\CSC3002\15-12-2024 (Cecillia + Ethan)\main.cpp(1195,76): warning C4244:         ]
C:\Users\Administrator\Documents\amy\Ethan 大二\Sem 1\CSC3002\15-12-2024 (Cecillia + Ethan)\main.cpp(1586,81): warning C4267: '=': 將 'size_t' 轉換為 'int'，資料可能遺失
C:\Users\Administrator\Documents\amy\Ethan 大二\Sem 1\CSC3002\15-12-2024 (Cecillia + Ethan)\main.cpp(1611,53): warning C4267: '=': 將 'size_t' 轉換為 'int'，資料可能遺失
  CSC3002-G50.vcxproj -> C:\Users\Administrator\Documents\amy\Ethan 大二\Sem 1\CSC3002\15-12-2024 (Cecillia + Ethan)\x64\Debug\CSC3002-G50.exe
